Arguments: 
  /home/kbe/.nvm/versions/node/v14.16.1/bin/node /home/kbe/.nvm/versions/node/v14.16.1/bin/yarn init

PATH: 
  /home/kbe/.cargo/bin:/opt/android-studio/bin:/home/kbe/Utils:/home/kbe/.local/bin:/home/kbe/.nvm:/home/linuxbrew/.linuxbrew/bin:/home/kbe/.cargo/bin:/home/kbe/.rvm/gems/ruby-2.7.1/bin:/home/kbe/.ebcli-virtual-env/executables:/home/kbe/.cargo/bin:/opt/android-studio/bin:/home/kbe/Utils:/home/kbe/.local/bin:/home/kbe/.nvm:/home/linuxbrew/.linuxbrew/bin:/home/kbe/.sdkman/candidates/maven/current/bin:/home/kbe/.sdkman/candidates/kotlin/current/bin:/home/kbe/.sdkman/candidates/java/current/bin:/home/kbe/.sdkman/candidates/gradle/current/bin:/home/kbe/.sdkman/candidates/ant/current/bin:/home/kbe/.nvm/versions/node/v14.16.1/bin:/home/kbe/.rvm/gems/ruby-2.7.1@global/bin:/home/kbe/.rvm/rubies/ruby-2.7.1/bin:/usr/local/bin:/usr/local/sbin:/usr/bin:/usr/sbin:/var/lib/snapd/snap/bin:/home/kbe/.rvm/bin:/home/kbe/bin:/home/kbe/.cabal/bin:/home/kbe/.composer/vendor/bin:/home/kbe/go/bin:/home/kbe/github/flutter/bin:/home/kbe/Android/Sdk/tools:/home/kbe/Android/Sdk/platform-tools:/home/kbe/.antigen/bundles/robbyrussell/oh-my-zsh/lib:/home/kbe/.antigen/bundles/robbyrussell/oh-my-zsh/plugins/git:/home/kbe/.antigen/bundles/robbyrussell/oh-my-zsh/plugins/command-not-found:/home/kbe/.antigen/bundles/robbyrussell/oh-my-zsh/plugins/pip:/home/kbe/.antigen/bundles/robbyrussell/oh-my-zsh/plugins/yarn:/home/kbe/.antigen/bundles/psprint/zsh-navigation-tools:/home/kbe/.antigen/bundles/unixorn/git-extra-commands:/home/kbe/.antigen/bundles/zsh-users/zsh-syntax-highlighting:/home/kbe/.antigen/bundles/romkatv/powerlevel10k:/home/kbe/.antigen/bundles/unixorn/git-extra-commands/bin:/home/kbe/dotnet:/home/kbe/.antigen/bundles/unixorn/git-extra-commands/bin:/home/kbe/dotnet:/home/kbe/.rvm/bin:/home/kbe/.rvm/bin:/home/kbe/.rvm/bin

Yarn version: 
  1.22.11

Node version: 
  14.16.1

Platform: 
  linux x64

Trace: 
  Error: canceled
      at Interface.<anonymous> (/home/kbe/.nvm/versions/node/v14.16.1/lib/node_modules/yarn/lib/cli.js:137023:13)
      at Interface.emit (events.js:315:20)
      at Interface._ttyWrite (readline.js:875:16)
      at ReadStream.onkeypress (readline.js:213:10)
      at ReadStream.emit (events.js:315:20)
      at emitKeys (internal/readline/utils.js:345:14)
      at emitKeys.next (<anonymous>)
      at ReadStream.onData (readline.js:1144:36)
      at ReadStream.emit (events.js:315:20)
      at addChunk (internal/streams/readable.js:309:12)

npm manifest: 
  {
    "name": "spa-github-page-template",
    "version": "0.0.1",
    "description": "Static site generator with a Single Page Application (NextJS!)",
    "scripts": {
      "start": "next",
      "publish": "npm run slides:precleanup && npm run slides:prodbuild && npm run slides:export && npm run slides:publish && npm run slides:cleanup",
      "slides:prodbuild": "export SPA_EXP_BUILD=true && next build",
      "slides:export": "next export -o dist && cp ./_config.yml dist/_config.yml",
      "slides:publish": "subpath-as-branch -p dist -b gh-pages",
      "slides:cleanup": "rm -rf dist",
      "slides:precleanup": "rm -rf .next dist"
    },
    "repository": {
      "type": "git",
      "url": "git+https://github.com/Weiyuan-Lane/slides.git"
    },
    "author": "Weiyuan Liu",
    "license": "ISC",
    "bugs": {
      "url": "https://github.com/Weiyuan-Lane/slides/issues"
    },
    "homepage": "https://github.com/Weiyuan-Lane/slides#readme",
    "devDependencies": {
      "@zeit/next-sass": "~1.0.1",
      "compression-webpack-plugin": "^3.1.0",
      "file-loader": "~4.2.0",
      "next": "^9.1.7",
      "node-sass": "~4.12.0",
      "react": "~16.9.0",
      "react-dom": "~16.9.0",
      "subpath-as-branch": "~1.0.0",
      "url-loader": "~2.1.0"
    }
  }

yarn manifest: 
  No manifest

Lockfile: 
  No lockfile
